[1.296s] DEBUG:colcon:Command line arguments: ['/usr/bin/colcon', 'build']
[1.296s] DEBUG:colcon:Parsed command line arguments: Namespace(allow_overriding=[], ament_cmake_args=None, base_paths=['.'], build_base='build', catkin_cmake_args=None, catkin_skip_building_tests=False, cmake_args=None, cmake_clean_cache=False, cmake_clean_first=False, cmake_force_configure=False, cmake_target=None, cmake_target_skip_unavailable=False, continue_on_error=False, event_handlers=None, executor='parallel', ignore_user_meta=False, install_base='install', log_base=None, log_level=None, main=<bound method BuildVerb.main of <colcon_core.verb.build.BuildVerb object at 0x7fe4b4c42fa0>>, merge_install=False, metas=['./colcon.meta'], packages_above=None, packages_above_and_dependencies=None, packages_above_depth=None, packages_end=None, packages_ignore=None, packages_ignore_regex=None, packages_select=None, packages_select_build_failed=False, packages_select_by_dep=None, packages_select_regex=None, packages_select_test_failures=False, packages_skip=None, packages_skip_build_finished=False, packages_skip_by_dep=None, packages_skip_regex=None, packages_skip_test_passed=False, packages_skip_up_to=None, packages_start=None, packages_up_to=None, packages_up_to_regex=None, parallel_workers=16, paths=None, symlink_install=False, test_result_base=None, verb_extension=<colcon_core.verb.build.BuildVerb object at 0x7fe4b4c42fa0>, verb_name='build', verb_parser=<colcon_defaults.argument_parser.defaults.DefaultArgumentsDecorator object at 0x7fe4b4c40ca0>)
[1.385s] Level 1:colcon.colcon_core.package_discovery:discover_packages(colcon_meta) check parameters
[1.385s] Level 1:colcon.colcon_core.package_discovery:discover_packages(recursive) check parameters
[1.385s] Level 1:colcon.colcon_core.package_discovery:discover_packages(ignore) check parameters
[1.385s] Level 1:colcon.colcon_core.package_discovery:discover_packages(path) check parameters
[1.385s] Level 1:colcon.colcon_core.package_discovery:discover_packages(colcon_meta) discover
[1.385s] Level 1:colcon.colcon_core.package_discovery:discover_packages(recursive) discover
[1.385s] INFO:colcon.colcon_core.package_discovery:Crawling recursively for packages in '/home/ceu/Desktop/nodes-onboard'
[1.385s] Level 1:colcon.colcon_core.package_identification:_identify(.) by extensions ['ignore', 'ignore_ament_install']
[1.385s] Level 1:colcon.colcon_core.package_identification:_identify(.) by extension 'ignore'
[1.385s] Level 1:colcon.colcon_core.package_identification:_identify(.) by extension 'ignore_ament_install'
[1.385s] Level 1:colcon.colcon_core.package_identification:_identify(.) by extensions ['colcon_pkg']
[1.385s] Level 1:colcon.colcon_core.package_identification:_identify(.) by extension 'colcon_pkg'
[1.385s] Level 1:colcon.colcon_core.package_identification:_identify(.) by extensions ['colcon_meta']
[1.385s] Level 1:colcon.colcon_core.package_identification:_identify(.) by extension 'colcon_meta'
[1.385s] Level 1:colcon.colcon_core.package_identification:_identify(.) by extensions ['ros']
[1.385s] Level 1:colcon.colcon_core.package_identification:_identify(.) by extension 'ros'
[1.398s] Level 1:colcon.colcon_core.package_identification:_identify(.) by extensions ['cmake', 'python']
[1.398s] Level 1:colcon.colcon_core.package_identification:_identify(.) by extension 'cmake'
[1.398s] Level 1:colcon.colcon_core.package_identification:_identify(.) by extension 'python'
[1.398s] Level 1:colcon.colcon_core.package_identification:_identify(.) by extensions ['python_setup_py']
[1.398s] Level 1:colcon.colcon_core.package_identification:_identify(.) by extension 'python_setup_py'
[1.398s] Level 1:colcon.colcon_core.package_identification:_identify(build) by extensions ['ignore', 'ignore_ament_install']
[1.399s] Level 1:colcon.colcon_core.package_identification:_identify(build) by extension 'ignore'
[1.399s] Level 1:colcon.colcon_core.package_identification:_identify(build) ignored
[1.399s] Level 1:colcon.colcon_core.package_identification:_identify(install) by extensions ['ignore', 'ignore_ament_install']
[1.399s] Level 1:colcon.colcon_core.package_identification:_identify(install) by extension 'ignore'
[1.399s] Level 1:colcon.colcon_core.package_identification:_identify(install) ignored
[1.399s] Level 1:colcon.colcon_core.package_identification:_identify(log) by extensions ['ignore', 'ignore_ament_install']
[1.399s] Level 1:colcon.colcon_core.package_identification:_identify(log) by extension 'ignore'
[1.399s] Level 1:colcon.colcon_core.package_identification:_identify(log) ignored
[1.399s] Level 1:colcon.colcon_core.package_identification:_identify(src) by extensions ['ignore', 'ignore_ament_install']
[1.399s] Level 1:colcon.colcon_core.package_identification:_identify(src) by extension 'ignore'
[1.399s] Level 1:colcon.colcon_core.package_identification:_identify(src) by extension 'ignore_ament_install'
[1.399s] Level 1:colcon.colcon_core.package_identification:_identify(src) by extensions ['colcon_pkg']
[1.399s] Level 1:colcon.colcon_core.package_identification:_identify(src) by extension 'colcon_pkg'
[1.399s] Level 1:colcon.colcon_core.package_identification:_identify(src) by extensions ['colcon_meta']
[1.399s] Level 1:colcon.colcon_core.package_identification:_identify(src) by extension 'colcon_meta'
[1.399s] Level 1:colcon.colcon_core.package_identification:_identify(src) by extensions ['ros']
[1.399s] Level 1:colcon.colcon_core.package_identification:_identify(src) by extension 'ros'
[1.399s] Level 1:colcon.colcon_core.package_identification:_identify(src) by extensions ['cmake', 'python']
[1.399s] Level 1:colcon.colcon_core.package_identification:_identify(src) by extension 'cmake'
[1.399s] Level 1:colcon.colcon_core.package_identification:_identify(src) by extension 'python'
[1.399s] Level 1:colcon.colcon_core.package_identification:_identify(src) by extensions ['python_setup_py']
[1.399s] Level 1:colcon.colcon_core.package_identification:_identify(src) by extension 'python_setup_py'
[1.399s] Level 1:colcon.colcon_core.package_identification:_identify(src/bno055) by extensions ['ignore', 'ignore_ament_install']
[1.399s] Level 1:colcon.colcon_core.package_identification:_identify(src/bno055) by extension 'ignore'
[1.399s] Level 1:colcon.colcon_core.package_identification:_identify(src/bno055) by extension 'ignore_ament_install'
[1.399s] Level 1:colcon.colcon_core.package_identification:_identify(src/bno055) by extensions ['colcon_pkg']
[1.399s] Level 1:colcon.colcon_core.package_identification:_identify(src/bno055) by extension 'colcon_pkg'
[1.399s] Level 1:colcon.colcon_core.package_identification:_identify(src/bno055) by extensions ['colcon_meta']
[1.399s] Level 1:colcon.colcon_core.package_identification:_identify(src/bno055) by extension 'colcon_meta'
[1.399s] Level 1:colcon.colcon_core.package_identification:_identify(src/bno055) by extensions ['ros']
[1.399s] Level 1:colcon.colcon_core.package_identification:_identify(src/bno055) by extension 'ros'
[1.401s] DEBUG:colcon.colcon_core.package_identification:Package 'src/bno055' with type 'ros.ament_python' and name 'bno055'
[1.401s] Level 1:colcon.colcon_core.package_identification:_identify(src/lightwarelidar2) by extensions ['ignore', 'ignore_ament_install']
[1.401s] Level 1:colcon.colcon_core.package_identification:_identify(src/lightwarelidar2) by extension 'ignore'
[1.401s] Level 1:colcon.colcon_core.package_identification:_identify(src/lightwarelidar2) by extension 'ignore_ament_install'
[1.401s] Level 1:colcon.colcon_core.package_identification:_identify(src/lightwarelidar2) by extensions ['colcon_pkg']
[1.401s] Level 1:colcon.colcon_core.package_identification:_identify(src/lightwarelidar2) by extension 'colcon_pkg'
[1.401s] Level 1:colcon.colcon_core.package_identification:_identify(src/lightwarelidar2) by extensions ['colcon_meta']
[1.401s] Level 1:colcon.colcon_core.package_identification:_identify(src/lightwarelidar2) by extension 'colcon_meta'
[1.401s] Level 1:colcon.colcon_core.package_identification:_identify(src/lightwarelidar2) by extensions ['ros']
[1.401s] Level 1:colcon.colcon_core.package_identification:_identify(src/lightwarelidar2) by extension 'ros'
[1.401s] DEBUG:colcon.colcon_core.package_identification:Package 'src/lightwarelidar2' with type 'ros.ament_cmake' and name 'lightwarelidar2'
[1.401s] Level 1:colcon.colcon_core.package_identification:_identify(tools) by extensions ['ignore', 'ignore_ament_install']
[1.401s] Level 1:colcon.colcon_core.package_identification:_identify(tools) by extension 'ignore'
[1.401s] Level 1:colcon.colcon_core.package_identification:_identify(tools) by extension 'ignore_ament_install'
[1.401s] Level 1:colcon.colcon_core.package_identification:_identify(tools) by extensions ['colcon_pkg']
[1.401s] Level 1:colcon.colcon_core.package_identification:_identify(tools) by extension 'colcon_pkg'
[1.401s] Level 1:colcon.colcon_core.package_identification:_identify(tools) by extensions ['colcon_meta']
[1.401s] Level 1:colcon.colcon_core.package_identification:_identify(tools) by extension 'colcon_meta'
[1.402s] Level 1:colcon.colcon_core.package_identification:_identify(tools) by extensions ['ros']
[1.402s] Level 1:colcon.colcon_core.package_identification:_identify(tools) by extension 'ros'
[1.402s] Level 1:colcon.colcon_core.package_identification:_identify(tools) by extensions ['cmake', 'python']
[1.402s] Level 1:colcon.colcon_core.package_identification:_identify(tools) by extension 'cmake'
[1.402s] Level 1:colcon.colcon_core.package_identification:_identify(tools) by extension 'python'
[1.402s] Level 1:colcon.colcon_core.package_identification:_identify(tools) by extensions ['python_setup_py']
[1.402s] Level 1:colcon.colcon_core.package_identification:_identify(tools) by extension 'python_setup_py'
[1.402s] Level 1:colcon.colcon_core.package_discovery:discover_packages(recursive) using defaults
[1.402s] Level 1:colcon.colcon_core.package_discovery:discover_packages(ignore) discover
[1.402s] Level 1:colcon.colcon_core.package_discovery:discover_packages(ignore) using defaults
[1.402s] Level 1:colcon.colcon_core.package_discovery:discover_packages(path) discover
[1.402s] Level 1:colcon.colcon_core.package_discovery:discover_packages(path) using defaults
[1.437s] Level 1:colcon.colcon_core.package_discovery:discover_packages(prefix_path) check parameters
[1.437s] Level 1:colcon.colcon_core.package_discovery:discover_packages(prefix_path) discover
[1.442s] WARNING:colcon.colcon_ros.prefix_path.ament:The path '/home/ceu/Desktop/nodes-onboard/install/bno055' in the environment variable AMENT_PREFIX_PATH doesn't exist
[1.447s] DEBUG:colcon.colcon_installed_package_information.package_discovery:Found 0 installed packages in /home/ceu/Desktop/nodes-onboard/install
[1.453s] DEBUG:colcon.colcon_installed_package_information.package_discovery:Found 301 installed packages in /opt/ros/foxy
[1.454s] Level 1:colcon.colcon_core.package_discovery:discover_packages(prefix_path) using defaults
[1.486s] Level 5:colcon.colcon_core.verb:set package 'bno055' build argument 'cmake_args' from command line to 'None'
[1.486s] Level 5:colcon.colcon_core.verb:set package 'bno055' build argument 'cmake_target' from command line to 'None'
[1.486s] Level 5:colcon.colcon_core.verb:set package 'bno055' build argument 'cmake_target_skip_unavailable' from command line to 'False'
[1.486s] Level 5:colcon.colcon_core.verb:set package 'bno055' build argument 'cmake_clean_cache' from command line to 'False'
[1.487s] Level 5:colcon.colcon_core.verb:set package 'bno055' build argument 'cmake_clean_first' from command line to 'False'
[1.487s] Level 5:colcon.colcon_core.verb:set package 'bno055' build argument 'cmake_force_configure' from command line to 'False'
[1.487s] Level 5:colcon.colcon_core.verb:set package 'bno055' build argument 'ament_cmake_args' from command line to 'None'
[1.487s] Level 5:colcon.colcon_core.verb:set package 'bno055' build argument 'catkin_cmake_args' from command line to 'None'
[1.487s] Level 5:colcon.colcon_core.verb:set package 'bno055' build argument 'catkin_skip_building_tests' from command line to 'False'
[1.487s] DEBUG:colcon.colcon_core.verb:Building package 'bno055' with the following arguments: {'ament_cmake_args': None, 'build_base': '/home/ceu/Desktop/nodes-onboard/build/bno055', 'catkin_cmake_args': None, 'catkin_skip_building_tests': False, 'cmake_args': None, 'cmake_clean_cache': False, 'cmake_clean_first': False, 'cmake_force_configure': False, 'cmake_target': None, 'cmake_target_skip_unavailable': False, 'install_base': '/home/ceu/Desktop/nodes-onboard/install/bno055', 'merge_install': False, 'path': '/home/ceu/Desktop/nodes-onboard/src/bno055', 'symlink_install': False, 'test_result_base': None}
[1.492s] Level 5:colcon.colcon_core.verb:set package 'lightwarelidar2' build argument 'cmake_args' from command line to 'None'
[1.492s] Level 5:colcon.colcon_core.verb:set package 'lightwarelidar2' build argument 'cmake_target' from command line to 'None'
[1.492s] Level 5:colcon.colcon_core.verb:set package 'lightwarelidar2' build argument 'cmake_target_skip_unavailable' from command line to 'False'
[1.492s] Level 5:colcon.colcon_core.verb:set package 'lightwarelidar2' build argument 'cmake_clean_cache' from command line to 'False'
[1.492s] Level 5:colcon.colcon_core.verb:set package 'lightwarelidar2' build argument 'cmake_clean_first' from command line to 'False'
[1.492s] Level 5:colcon.colcon_core.verb:set package 'lightwarelidar2' build argument 'cmake_force_configure' from command line to 'False'
[1.492s] Level 5:colcon.colcon_core.verb:set package 'lightwarelidar2' build argument 'ament_cmake_args' from command line to 'None'
[1.492s] Level 5:colcon.colcon_core.verb:set package 'lightwarelidar2' build argument 'catkin_cmake_args' from command line to 'None'
[1.492s] Level 5:colcon.colcon_core.verb:set package 'lightwarelidar2' build argument 'catkin_skip_building_tests' from command line to 'False'
[1.492s] DEBUG:colcon.colcon_core.verb:Building package 'lightwarelidar2' with the following arguments: {'ament_cmake_args': None, 'build_base': '/home/ceu/Desktop/nodes-onboard/build/lightwarelidar2', 'catkin_cmake_args': None, 'catkin_skip_building_tests': False, 'cmake_args': None, 'cmake_clean_cache': False, 'cmake_clean_first': False, 'cmake_force_configure': False, 'cmake_target': None, 'cmake_target_skip_unavailable': False, 'install_base': '/home/ceu/Desktop/nodes-onboard/install/lightwarelidar2', 'merge_install': False, 'path': '/home/ceu/Desktop/nodes-onboard/src/lightwarelidar2', 'symlink_install': False, 'test_result_base': None}
[1.497s] INFO:colcon.colcon_core.executor:Executing jobs using 'parallel' executor
[1.502s] DEBUG:colcon.colcon_parallel_executor.executor.parallel:run_until_complete
[1.502s] INFO:colcon.colcon_ros.task.ament_python.build:Building ROS package in '/home/ceu/Desktop/nodes-onboard/src/bno055' with build type 'ament_python'
[1.503s] Level 1:colcon.colcon_core.shell:create_environment_hook('bno055', 'ament_prefix_path')
[1.509s] INFO:colcon.colcon_core.plugin_system:Skipping extension 'colcon_core.shell.bat': Not used on non-Windows systems
[1.509s] INFO:colcon.colcon_core.shell:Creating environment hook '/home/ceu/Desktop/nodes-onboard/install/bno055/share/bno055/hook/ament_prefix_path.ps1'
[1.509s] INFO:colcon.colcon_core.shell:Creating environment descriptor '/home/ceu/Desktop/nodes-onboard/install/bno055/share/bno055/hook/ament_prefix_path.dsv'
[1.509s] INFO:colcon.colcon_core.shell:Creating environment hook '/home/ceu/Desktop/nodes-onboard/install/bno055/share/bno055/hook/ament_prefix_path.sh'
[1.514s] INFO:colcon.colcon_core.shell:Skip shell extension 'powershell' for command environment: Not usable outside of PowerShell
[1.514s] DEBUG:colcon.colcon_core.shell:Skip shell extension 'dsv' for command environment
[1.532s] INFO:colcon.colcon_ros.task.ament_cmake.build:Building ROS package in '/home/ceu/Desktop/nodes-onboard/src/lightwarelidar2' with build type 'ament_cmake'
[1.533s] INFO:colcon.colcon_cmake.task.cmake.build:Building CMake package in '/home/ceu/Desktop/nodes-onboard/src/lightwarelidar2'
[1.539s] INFO:colcon.colcon_core.shell:Skip shell extension 'powershell' for command environment: Not usable outside of PowerShell
[1.539s] DEBUG:colcon.colcon_core.shell:Skip shell extension 'dsv' for command environment
[1.658s] INFO:colcon.colcon_core.task.python.build:Building Python package in '/home/ceu/Desktop/nodes-onboard/src/bno055'
[1.664s] INFO:colcon.colcon_core.shell:Skip shell extension 'powershell' for command environment: Not usable outside of PowerShell
[1.664s] DEBUG:colcon.colcon_core.shell:Skip shell extension 'dsv' for command environment
[1.684s] DEBUG:colcon.colcon_core.event_handler.log_command:Invoking command in '/home/ceu/Desktop/nodes-onboard/build/lightwarelidar2': CMAKE_PREFIX_PATH=/home/ceu/Desktop/nodes-onboard/install/bno055:/opt/ros/foxy /usr/bin/cmake /home/ceu/Desktop/nodes-onboard/src/lightwarelidar2 -DCMAKE_INSTALL_PREFIX=/home/ceu/Desktop/nodes-onboard/install/lightwarelidar2
[2.001s] DEBUG:colcon.colcon_core.event_handler.log_command:Invoking command in '/home/ceu/Desktop/nodes-onboard/src/bno055': PYTHONPATH=/home/ceu/Desktop/nodes-onboard/build/bno055/prefix_override:/home/ceu/Desktop/nodes-onboard/install/bno055/lib/python3.8/site-packages:${PYTHONPATH} /usr/bin/python3 setup.py egg_info --egg-base ../../build/bno055 build --build-base /home/ceu/Desktop/nodes-onboard/build/bno055/build install --record /home/ceu/Desktop/nodes-onboard/build/bno055/install.log --single-version-externally-managed
[2.261s] DEBUG:colcon.colcon_core.event_handler.log_command:Invoked command in '/home/ceu/Desktop/nodes-onboard/src/bno055' returned '0': PYTHONPATH=/home/ceu/Desktop/nodes-onboard/build/bno055/prefix_override:/home/ceu/Desktop/nodes-onboard/install/bno055/lib/python3.8/site-packages:${PYTHONPATH} /usr/bin/python3 setup.py egg_info --egg-base ../../build/bno055 build --build-base /home/ceu/Desktop/nodes-onboard/build/bno055/build install --record /home/ceu/Desktop/nodes-onboard/build/bno055/install.log --single-version-externally-managed
[2.268s] Level 1:colcon.colcon_core.environment:checking '/home/ceu/Desktop/nodes-onboard/install/bno055' for CMake module files
[2.268s] Level 1:colcon.colcon_core.environment:checking '/home/ceu/Desktop/nodes-onboard/install/bno055' for CMake config files
[2.268s] Level 1:colcon.colcon_core.environment:checking '/home/ceu/Desktop/nodes-onboard/install/bno055/lib'
[2.268s] Level 1:colcon.colcon_core.environment:checking '/home/ceu/Desktop/nodes-onboard/install/bno055/bin'
[2.268s] Level 1:colcon.colcon_core.environment:checking '/home/ceu/Desktop/nodes-onboard/install/bno055/lib/pkgconfig/bno055.pc'
[2.269s] Level 1:colcon.colcon_core.environment:checking '/home/ceu/Desktop/nodes-onboard/install/bno055/lib/python3.8/site-packages'
[2.269s] Level 1:colcon.colcon_core.shell:create_environment_hook('bno055', 'pythonpath')
[2.274s] INFO:colcon.colcon_core.shell:Creating environment hook '/home/ceu/Desktop/nodes-onboard/install/bno055/share/bno055/hook/pythonpath.ps1'
[2.274s] INFO:colcon.colcon_core.shell:Creating environment descriptor '/home/ceu/Desktop/nodes-onboard/install/bno055/share/bno055/hook/pythonpath.dsv'
[2.274s] INFO:colcon.colcon_core.shell:Creating environment hook '/home/ceu/Desktop/nodes-onboard/install/bno055/share/bno055/hook/pythonpath.sh'
[2.275s] Level 1:colcon.colcon_core.environment:checking '/home/ceu/Desktop/nodes-onboard/install/bno055/bin'
[2.275s] Level 1:colcon.colcon_core.environment:create_environment_scripts_only(bno055)
[2.280s] INFO:colcon.colcon_core.shell:Creating package script '/home/ceu/Desktop/nodes-onboard/install/bno055/share/bno055/package.ps1'
[2.280s] INFO:colcon.colcon_core.shell:Creating package descriptor '/home/ceu/Desktop/nodes-onboard/install/bno055/share/bno055/package.dsv'
[2.280s] INFO:colcon.colcon_core.shell:Creating package script '/home/ceu/Desktop/nodes-onboard/install/bno055/share/bno055/package.sh'
[2.281s] INFO:colcon.colcon_core.shell:Creating package script '/home/ceu/Desktop/nodes-onboard/install/bno055/share/bno055/package.bash'
[2.281s] INFO:colcon.colcon_core.shell:Creating package script '/home/ceu/Desktop/nodes-onboard/install/bno055/share/bno055/package.zsh'
[2.281s] Level 1:colcon.colcon_core.environment:create_file_with_runtime_dependencies(/home/ceu/Desktop/nodes-onboard/install/bno055/share/colcon-core/packages/bno055)
[2.752s] DEBUG:colcon.colcon_core.event_handler.log_command:Invoked command in '/home/ceu/Desktop/nodes-onboard/build/lightwarelidar2' returned '0': CMAKE_PREFIX_PATH=/home/ceu/Desktop/nodes-onboard/install/bno055:/opt/ros/foxy /usr/bin/cmake /home/ceu/Desktop/nodes-onboard/src/lightwarelidar2 -DCMAKE_INSTALL_PREFIX=/home/ceu/Desktop/nodes-onboard/install/lightwarelidar2
[2.752s] DEBUG:colcon.colcon_core.event_handler.log_command:Invoking command in '/home/ceu/Desktop/nodes-onboard/build/lightwarelidar2': CMAKE_PREFIX_PATH=/home/ceu/Desktop/nodes-onboard/install/bno055:/opt/ros/foxy /usr/bin/cmake --build /home/ceu/Desktop/nodes-onboard/build/lightwarelidar2 -- -j16 -l16
[4.943s] DEBUG:colcon.colcon_core.event_handler.log_command:Invoked command in '/home/ceu/Desktop/nodes-onboard/build/lightwarelidar2' returned '0': CMAKE_PREFIX_PATH=/home/ceu/Desktop/nodes-onboard/install/bno055:/opt/ros/foxy /usr/bin/cmake --build /home/ceu/Desktop/nodes-onboard/build/lightwarelidar2 -- -j16 -l16
[4.964s] DEBUG:colcon.colcon_core.event_handler.log_command:Invoking command in '/home/ceu/Desktop/nodes-onboard/build/lightwarelidar2': CMAKE_PREFIX_PATH=/home/ceu/Desktop/nodes-onboard/install/bno055:/opt/ros/foxy /usr/bin/cmake --install /home/ceu/Desktop/nodes-onboard/build/lightwarelidar2
[4.971s] Level 1:colcon.colcon_core.environment:create_environment_scripts_only(lightwarelidar2)
[4.971s] DEBUG:colcon.colcon_core.event_handler.log_command:Invoked command in '/home/ceu/Desktop/nodes-onboard/build/lightwarelidar2' returned '0': CMAKE_PREFIX_PATH=/home/ceu/Desktop/nodes-onboard/install/bno055:/opt/ros/foxy /usr/bin/cmake --install /home/ceu/Desktop/nodes-onboard/build/lightwarelidar2
[4.977s] Level 1:colcon.colcon_core.environment:checking '/home/ceu/Desktop/nodes-onboard/install/lightwarelidar2' for CMake module files
[4.977s] Level 1:colcon.colcon_core.environment:checking '/home/ceu/Desktop/nodes-onboard/install/lightwarelidar2' for CMake config files
[4.977s] Level 1:colcon.colcon_core.shell:create_environment_hook('lightwarelidar2', 'cmake_prefix_path')
[4.982s] INFO:colcon.colcon_core.shell:Creating environment hook '/home/ceu/Desktop/nodes-onboard/install/lightwarelidar2/share/lightwarelidar2/hook/cmake_prefix_path.ps1'
[4.983s] INFO:colcon.colcon_core.shell:Creating environment descriptor '/home/ceu/Desktop/nodes-onboard/install/lightwarelidar2/share/lightwarelidar2/hook/cmake_prefix_path.dsv'
[4.983s] INFO:colcon.colcon_core.shell:Creating environment hook '/home/ceu/Desktop/nodes-onboard/install/lightwarelidar2/share/lightwarelidar2/hook/cmake_prefix_path.sh'
[4.983s] Level 1:colcon.colcon_core.environment:checking '/home/ceu/Desktop/nodes-onboard/install/lightwarelidar2/lib'
[4.983s] Level 1:colcon.colcon_core.environment:checking '/home/ceu/Desktop/nodes-onboard/install/lightwarelidar2/bin'
[4.983s] Level 1:colcon.colcon_core.environment:checking '/home/ceu/Desktop/nodes-onboard/install/lightwarelidar2/lib/pkgconfig/lightwarelidar2.pc'
[4.983s] Level 1:colcon.colcon_core.environment:checking '/home/ceu/Desktop/nodes-onboard/install/lightwarelidar2/lib/python3.8/site-packages'
[4.983s] Level 1:colcon.colcon_core.environment:checking '/home/ceu/Desktop/nodes-onboard/install/lightwarelidar2/bin'
[4.988s] INFO:colcon.colcon_core.shell:Creating package script '/home/ceu/Desktop/nodes-onboard/install/lightwarelidar2/share/lightwarelidar2/package.ps1'
[4.989s] INFO:colcon.colcon_core.shell:Creating package descriptor '/home/ceu/Desktop/nodes-onboard/install/lightwarelidar2/share/lightwarelidar2/package.dsv'
[4.989s] INFO:colcon.colcon_core.shell:Creating package script '/home/ceu/Desktop/nodes-onboard/install/lightwarelidar2/share/lightwarelidar2/package.sh'
[4.989s] INFO:colcon.colcon_core.shell:Creating package script '/home/ceu/Desktop/nodes-onboard/install/lightwarelidar2/share/lightwarelidar2/package.bash'
[4.989s] INFO:colcon.colcon_core.shell:Creating package script '/home/ceu/Desktop/nodes-onboard/install/lightwarelidar2/share/lightwarelidar2/package.zsh'
[4.989s] Level 1:colcon.colcon_core.environment:create_file_with_runtime_dependencies(/home/ceu/Desktop/nodes-onboard/install/lightwarelidar2/share/colcon-core/packages/lightwarelidar2)
[5.012s] Level 1:colcon.colcon_core.environment:create_environment_scripts_only(lightwarelidar2)
[5.017s] Level 1:colcon.colcon_core.environment:checking '/home/ceu/Desktop/nodes-onboard/install/lightwarelidar2' for CMake module files
[5.017s] Level 1:colcon.colcon_core.environment:checking '/home/ceu/Desktop/nodes-onboard/install/lightwarelidar2' for CMake config files
[5.017s] Level 1:colcon.colcon_core.shell:create_environment_hook('lightwarelidar2', 'cmake_prefix_path')
[5.022s] INFO:colcon.colcon_core.shell:Creating environment hook '/home/ceu/Desktop/nodes-onboard/install/lightwarelidar2/share/lightwarelidar2/hook/cmake_prefix_path.ps1'
[5.022s] INFO:colcon.colcon_core.shell:Creating environment descriptor '/home/ceu/Desktop/nodes-onboard/install/lightwarelidar2/share/lightwarelidar2/hook/cmake_prefix_path.dsv'
[5.023s] INFO:colcon.colcon_core.shell:Creating environment hook '/home/ceu/Desktop/nodes-onboard/install/lightwarelidar2/share/lightwarelidar2/hook/cmake_prefix_path.sh'
[5.023s] Level 1:colcon.colcon_core.environment:checking '/home/ceu/Desktop/nodes-onboard/install/lightwarelidar2/lib'
[5.023s] Level 1:colcon.colcon_core.environment:checking '/home/ceu/Desktop/nodes-onboard/install/lightwarelidar2/bin'
[5.023s] Level 1:colcon.colcon_core.environment:checking '/home/ceu/Desktop/nodes-onboard/install/lightwarelidar2/lib/pkgconfig/lightwarelidar2.pc'
[5.023s] Level 1:colcon.colcon_core.environment:checking '/home/ceu/Desktop/nodes-onboard/install/lightwarelidar2/lib/python3.8/site-packages'
[5.023s] Level 1:colcon.colcon_core.environment:checking '/home/ceu/Desktop/nodes-onboard/install/lightwarelidar2/bin'
[5.028s] INFO:colcon.colcon_core.shell:Creating package script '/home/ceu/Desktop/nodes-onboard/install/lightwarelidar2/share/lightwarelidar2/package.ps1'
[5.029s] INFO:colcon.colcon_core.shell:Creating package descriptor '/home/ceu/Desktop/nodes-onboard/install/lightwarelidar2/share/lightwarelidar2/package.dsv'
[5.029s] INFO:colcon.colcon_core.shell:Creating package script '/home/ceu/Desktop/nodes-onboard/install/lightwarelidar2/share/lightwarelidar2/package.sh'
[5.029s] INFO:colcon.colcon_core.shell:Creating package script '/home/ceu/Desktop/nodes-onboard/install/lightwarelidar2/share/lightwarelidar2/package.bash'
[5.029s] INFO:colcon.colcon_core.shell:Creating package script '/home/ceu/Desktop/nodes-onboard/install/lightwarelidar2/share/lightwarelidar2/package.zsh'
[5.029s] Level 1:colcon.colcon_core.environment:create_file_with_runtime_dependencies(/home/ceu/Desktop/nodes-onboard/install/lightwarelidar2/share/colcon-core/packages/lightwarelidar2)
[5.029s] DEBUG:colcon.colcon_parallel_executor.executor.parallel:closing loop
[5.030s] DEBUG:colcon.colcon_parallel_executor.executor.parallel:loop closed
[5.030s] DEBUG:colcon.colcon_parallel_executor.executor.parallel:run_until_complete finished with '0'
[5.030s] DEBUG:colcon.colcon_core.event_reactor:joining thread
[5.038s] INFO:colcon.colcon_core.plugin_system:Skipping extension 'colcon_notification.desktop_notification.terminal_notifier': Not used on non-Darwin systems
[5.038s] INFO:colcon.colcon_core.plugin_system:Skipping extension 'colcon_notification.desktop_notification.win32': Not used on non-Windows systems
[5.038s] INFO:colcon.colcon_notification.desktop_notification:Sending desktop notification using 'notify2'
[5.051s] DEBUG:colcon.colcon_core.event_reactor:joined thread
[5.057s] INFO:colcon.colcon_core.shell:Creating prefix script '/home/ceu/Desktop/nodes-onboard/install/local_setup.ps1'
[5.057s] INFO:colcon.colcon_core.shell:Creating prefix util module '/home/ceu/Desktop/nodes-onboard/install/_local_setup_util_ps1.py'
[5.058s] INFO:colcon.colcon_core.shell:Creating prefix chain script '/home/ceu/Desktop/nodes-onboard/install/setup.ps1'
[5.063s] INFO:colcon.colcon_core.shell:Creating prefix script '/home/ceu/Desktop/nodes-onboard/install/local_setup.sh'
[5.063s] INFO:colcon.colcon_core.shell:Creating prefix util module '/home/ceu/Desktop/nodes-onboard/install/_local_setup_util_sh.py'
[5.064s] INFO:colcon.colcon_core.shell:Creating prefix chain script '/home/ceu/Desktop/nodes-onboard/install/setup.sh'
[5.078s] INFO:colcon.colcon_core.shell:Creating prefix script '/home/ceu/Desktop/nodes-onboard/install/local_setup.bash'
[5.078s] INFO:colcon.colcon_core.shell:Creating prefix chain script '/home/ceu/Desktop/nodes-onboard/install/setup.bash'
[5.084s] INFO:colcon.colcon_core.shell:Creating prefix script '/home/ceu/Desktop/nodes-onboard/install/local_setup.zsh'
[5.084s] INFO:colcon.colcon_core.shell:Creating prefix chain script '/home/ceu/Desktop/nodes-onboard/install/setup.zsh'
