[0.498s] Invoking command in '/home/ceu/Desktop/nodes-onboard/src/bno055': PYTHONPATH=/home/ceu/Desktop/nodes-onboard/build/bno055/prefix_override:/home/ceu/Desktop/nodes-onboard/install/bno055/lib/python3.8/site-packages:${PYTHONPATH} /usr/bin/python3 setup.py egg_info --egg-base ../../build/bno055 build --build-base /home/ceu/Desktop/nodes-onboard/build/bno055/build install --record /home/ceu/Desktop/nodes-onboard/build/bno055/install.log --single-version-externally-managed
[0.612s] running egg_info
[0.612s] creating ../../build/bno055/bno055.egg-info
[0.620s] writing ../../build/bno055/bno055.egg-info/PKG-INFO
[0.620s] writing dependency_links to ../../build/bno055/bno055.egg-info/dependency_links.txt
[0.620s] writing entry points to ../../build/bno055/bno055.egg-info/entry_points.txt
[0.620s] writing requirements to ../../build/bno055/bno055.egg-info/requires.txt
[0.620s] writing top-level names to ../../build/bno055/bno055.egg-info/top_level.txt
[0.668s] writing manifest file '../../build/bno055/bno055.egg-info/SOURCES.txt'
[0.684s] reading manifest file '../../build/bno055/bno055.egg-info/SOURCES.txt'
[0.684s] adding license file 'LICENSE'
[0.684s] adding license file 'AUTHORS'
[0.684s] writing manifest file '../../build/bno055/bno055.egg-info/SOURCES.txt'
[0.685s] running build
[0.685s] running build_py
[0.685s] creating /home/ceu/Desktop/nodes-onboard/build/bno055/build
[0.685s] creating /home/ceu/Desktop/nodes-onboard/build/bno055/build/lib
[0.685s] creating /home/ceu/Desktop/nodes-onboard/build/bno055/build/lib/bno055
[0.685s] copying bno055/__init__.py -> /home/ceu/Desktop/nodes-onboard/build/bno055/build/lib/bno055
[0.685s] copying bno055/bno055.py -> /home/ceu/Desktop/nodes-onboard/build/bno055/build/lib/bno055
[0.685s] copying bno055/bno055.py -> /home/ceu/Desktop/nodes-onboard/build/bno055/build/lib/bno055
[0.685s] copying bno055/__init__.py -> /home/ceu/Desktop/nodes-onboard/build/bno055/build/lib/bno055
[0.685s] copying bno055/registers.py -> /home/ceu/Desktop/nodes-onboard/build/bno055/build/lib/bno055
[0.685s] creating /home/ceu/Desktop/nodes-onboard/build/bno055/build/lib/bno055/params
[0.686s] copying bno055/params/__init__.py -> /home/ceu/Desktop/nodes-onboard/build/bno055/build/lib/bno055/params
[0.686s] copying bno055/params/NodeParameters.py -> /home/ceu/Desktop/nodes-onboard/build/bno055/build/lib/bno055/params
[0.686s] creating /home/ceu/Desktop/nodes-onboard/build/bno055/build/lib/bno055/error_handling
[0.686s] copying bno055/error_handling/__init__.py -> /home/ceu/Desktop/nodes-onboard/build/bno055/build/lib/bno055/error_handling
[0.686s] copying bno055/error_handling/exceptions.py -> /home/ceu/Desktop/nodes-onboard/build/bno055/build/lib/bno055/error_handling
[0.686s] creating /home/ceu/Desktop/nodes-onboard/build/bno055/build/lib/bno055/connectors
[0.686s] copying bno055/connectors/__init__.py -> /home/ceu/Desktop/nodes-onboard/build/bno055/build/lib/bno055/connectors
[0.686s] copying bno055/connectors/uart.py -> /home/ceu/Desktop/nodes-onboard/build/bno055/build/lib/bno055/connectors
[0.686s] copying bno055/connectors/Connector.py -> /home/ceu/Desktop/nodes-onboard/build/bno055/build/lib/bno055/connectors
[0.686s] copying bno055/connectors/i2c.py -> /home/ceu/Desktop/nodes-onboard/build/bno055/build/lib/bno055/connectors
[0.686s] creating /home/ceu/Desktop/nodes-onboard/build/bno055/build/lib/bno055/sensor
[0.686s] copying bno055/sensor/__init__.py -> /home/ceu/Desktop/nodes-onboard/build/bno055/build/lib/bno055/sensor
[0.686s] copying bno055/sensor/SensorService.py -> /home/ceu/Desktop/nodes-onboard/build/bno055/build/lib/bno055/sensor
[0.686s] running install
[0.687s] /home/ceu/.local/lib/python3.8/site-packages/setuptools/_distutils/cmd.py:66: SetuptoolsDeprecationWarning: setup.py install is deprecated.
[0.687s] !!
[0.687s] 
[0.687s]         ********************************************************************************
[0.687s]         Please avoid running ``setup.py`` directly.
[0.687s]         Instead, use pypa/build, pypa/installer or other
[0.687s]         standards-based tools.
[0.687s] 
[0.687s]         See https://blog.ganssle.io/articles/2021/10/setup-py-deprecated.html for details.
[0.687s]         ********************************************************************************
[0.687s] 
[0.687s] !!
[0.687s]   self.initialize_options()
[0.689s] running install_lib
[0.697s] creating /home/ceu/Desktop/nodes-onboard/install/bno055/lib/python3.8/site-packages/bno055
[0.697s] copying /home/ceu/Desktop/nodes-onboard/build/bno055/build/lib/bno055/bno055.py -> /home/ceu/Desktop/nodes-onboard/install/bno055/lib/python3.8/site-packages/bno055
[0.697s] copying /home/ceu/Desktop/nodes-onboard/build/bno055/build/lib/bno055/__init__.py -> /home/ceu/Desktop/nodes-onboard/install/bno055/lib/python3.8/site-packages/bno055
[0.697s] creating /home/ceu/Desktop/nodes-onboard/install/bno055/lib/python3.8/site-packages/bno055/params
[0.697s] copying /home/ceu/Desktop/nodes-onboard/build/bno055/build/lib/bno055/params/__init__.py -> /home/ceu/Desktop/nodes-onboard/install/bno055/lib/python3.8/site-packages/bno055/params
[0.698s] copying /home/ceu/Desktop/nodes-onboard/build/bno055/build/lib/bno055/params/NodeParameters.py -> /home/ceu/Desktop/nodes-onboard/install/bno055/lib/python3.8/site-packages/bno055/params
[0.698s] creating /home/ceu/Desktop/nodes-onboard/install/bno055/lib/python3.8/site-packages/bno055/error_handling
[0.698s] copying /home/ceu/Desktop/nodes-onboard/build/bno055/build/lib/bno055/error_handling/__init__.py -> /home/ceu/Desktop/nodes-onboard/install/bno055/lib/python3.8/site-packages/bno055/error_handling
[0.698s] copying /home/ceu/Desktop/nodes-onboard/build/bno055/build/lib/bno055/error_handling/exceptions.py -> /home/ceu/Desktop/nodes-onboard/install/bno055/lib/python3.8/site-packages/bno055/error_handling
[0.698s] creating /home/ceu/Desktop/nodes-onboard/install/bno055/lib/python3.8/site-packages/bno055/connectors
[0.698s] copying /home/ceu/Desktop/nodes-onboard/build/bno055/build/lib/bno055/connectors/__init__.py -> /home/ceu/Desktop/nodes-onboard/install/bno055/lib/python3.8/site-packages/bno055/connectors
[0.698s] copying /home/ceu/Desktop/nodes-onboard/build/bno055/build/lib/bno055/connectors/uart.py -> /home/ceu/Desktop/nodes-onboard/install/bno055/lib/python3.8/site-packages/bno055/connectors
[0.698s] copying /home/ceu/Desktop/nodes-onboard/build/bno055/build/lib/bno055/connectors/Connector.py -> /home/ceu/Desktop/nodes-onboard/install/bno055/lib/python3.8/site-packages/bno055/connectors
[0.698s] copying /home/ceu/Desktop/nodes-onboard/build/bno055/build/lib/bno055/connectors/i2c.py -> /home/ceu/Desktop/nodes-onboard/install/bno055/lib/python3.8/site-packages/bno055/connectors
[0.698s] creating /home/ceu/Desktop/nodes-onboard/install/bno055/lib/python3.8/site-packages/bno055/sensor
[0.698s] copying /home/ceu/Desktop/nodes-onboard/build/bno055/build/lib/bno055/sensor/__init__.py -> /home/ceu/Desktop/nodes-onboard/install/bno055/lib/python3.8/site-packages/bno055/sensor
[0.698s] copying /home/ceu/Desktop/nodes-onboard/build/bno055/build/lib/bno055/sensor/SensorService.py -> /home/ceu/Desktop/nodes-onboard/install/bno055/lib/python3.8/site-packages/bno055/sensor
[0.698s] copying /home/ceu/Desktop/nodes-onboard/build/bno055/build/lib/bno055/registers.py -> /home/ceu/Desktop/nodes-onboard/install/bno055/lib/python3.8/site-packages/bno055
[0.698s] byte-compiling /home/ceu/Desktop/nodes-onboard/install/bno055/lib/python3.8/site-packages/bno055/bno055.py to bno055.cpython-38.pyc
[0.698s] byte-compiling /home/ceu/Desktop/nodes-onboard/install/bno055/lib/python3.8/site-packages/bno055/__init__.py to __init__.cpython-38.pyc
[0.699s] byte-compiling /home/ceu/Desktop/nodes-onboard/install/bno055/lib/python3.8/site-packages/bno055/params/__init__.py to __init__.cpython-38.pyc
[0.699s] byte-compiling /home/ceu/Desktop/nodes-onboard/install/bno055/lib/python3.8/site-packages/bno055/params/NodeParameters.py to NodeParameters.cpython-38.pyc
[0.699s] byte-compiling /home/ceu/Desktop/nodes-onboard/install/bno055/lib/python3.8/site-packages/bno055/error_handling/__init__.py to __init__.cpython-38.pyc
[0.699s] byte-compiling /home/ceu/Desktop/nodes-onboard/install/bno055/lib/python3.8/site-packages/bno055/error_handling/exceptions.py to exceptions.cpython-38.pyc
[0.699s] byte-compiling /home/ceu/Desktop/nodes-onboard/install/bno055/lib/python3.8/site-packages/bno055/connectors/__init__.py to __init__.cpython-38.pyc
[0.699s] byte-compiling /home/ceu/Desktop/nodes-onboard/install/bno055/lib/python3.8/site-packages/bno055/connectors/uart.py to uart.cpython-38.pyc
[0.700s] byte-compiling /home/ceu/Desktop/nodes-onboard/install/bno055/lib/python3.8/site-packages/bno055/connectors/Connector.py to Connector.cpython-38.pyc
[0.700s] byte-compiling /home/ceu/Desktop/nodes-onboard/install/bno055/lib/python3.8/site-packages/bno055/connectors/i2c.py to i2c.cpython-38.pyc
[0.700s] byte-compiling /home/ceu/Desktop/nodes-onboard/install/bno055/lib/python3.8/site-packages/bno055/sensor/__init__.py to __init__.cpython-38.pyc
[0.700s] byte-compiling /home/ceu/Desktop/nodes-onboard/install/bno055/lib/python3.8/site-packages/bno055/sensor/SensorService.py to SensorService.cpython-38.pyc
[0.702s] byte-compiling /home/ceu/Desktop/nodes-onboard/install/bno055/lib/python3.8/site-packages/bno055/registers.py to registers.cpython-38.pyc
[0.702s] running install_data
[0.710s] creating /home/ceu/Desktop/nodes-onboard/install/bno055/share/ament_index
[0.710s] creating /home/ceu/Desktop/nodes-onboard/install/bno055/share/ament_index/resource_index
[0.710s] creating /home/ceu/Desktop/nodes-onboard/install/bno055/share/ament_index/resource_index/packages
[0.710s] copying resource/bno055 -> /home/ceu/Desktop/nodes-onboard/install/bno055/share/ament_index/resource_index/packages
[0.710s] copying package.xml -> /home/ceu/Desktop/nodes-onboard/install/bno055/share/bno055
[0.710s] creating /home/ceu/Desktop/nodes-onboard/install/bno055/share/bno055/launch
[0.710s] copying launch/bno055.launch.py -> /home/ceu/Desktop/nodes-onboard/install/bno055/share/bno055/launch
[0.710s] creating /home/ceu/Desktop/nodes-onboard/install/bno055/share/bno055/config
[0.710s] copying bno055/params/bno055_params_i2c.yaml -> /home/ceu/Desktop/nodes-onboard/install/bno055/share/bno055/config
[0.710s] copying bno055/params/bno055_params.yaml -> /home/ceu/Desktop/nodes-onboard/install/bno055/share/bno055/config
[0.710s] copying bno055/params/bno055_params_test.yaml -> /home/ceu/Desktop/nodes-onboard/install/bno055/share/bno055/config
[0.710s] running install_egg_info
[0.719s] Copying ../../build/bno055/bno055.egg-info to /home/ceu/Desktop/nodes-onboard/install/bno055/lib/python3.8/site-packages/bno055-0.4.1-py3.8.egg-info
[0.719s] running install_scripts
[0.744s] Installing bno055 script to /home/ceu/Desktop/nodes-onboard/install/bno055/lib/bno055
[0.744s] writing list of installed files to '/home/ceu/Desktop/nodes-onboard/build/bno055/install.log'
[0.758s] Invoked command in '/home/ceu/Desktop/nodes-onboard/src/bno055' returned '0': PYTHONPATH=/home/ceu/Desktop/nodes-onboard/build/bno055/prefix_override:/home/ceu/Desktop/nodes-onboard/install/bno055/lib/python3.8/site-packages:${PYTHONPATH} /usr/bin/python3 setup.py egg_info --egg-base ../../build/bno055 build --build-base /home/ceu/Desktop/nodes-onboard/build/bno055/build install --record /home/ceu/Desktop/nodes-onboard/build/bno055/install.log --single-version-externally-managed
