[0.151s] Invoking command in '/home/ceu/Desktop/nodes-onboard/build/lightwarelidar2': CMAKE_PREFIX_PATH=/home/ceu/Desktop/nodes-onboard/install/bno055:/opt/ros/foxy /usr/bin/cmake /home/ceu/Desktop/nodes-onboard/src/lightwarelidar2 -DCMAKE_INSTALL_PREFIX=/home/ceu/Desktop/nodes-onboard/install/lightwarelidar2
[0.182s] -- The C compiler identification is GNU 9.4.0
[0.212s] -- The CXX compiler identification is GNU 9.4.0
[0.214s] -- Check for working C compiler: /usr/bin/cc
[0.256s] -- Check for working C compiler: /usr/bin/cc -- works
[0.257s] -- Detecting C compiler ABI info
[0.311s] -- Detecting C compiler ABI info - done
[0.317s] -- Detecting C compile features
[0.317s] -- Detecting C compile features - done
[0.319s] -- Check for working CXX compiler: /usr/bin/c++
[0.362s] -- Check for working CXX compiler: /usr/bin/c++ -- works
[0.363s] -- Detecting CXX compiler ABI info
[0.412s] -- Detecting CXX compiler ABI info - done
[0.419s] -- Detecting CXX compile features
[0.419s] -- Detecting CXX compile features - done
[0.420s] -- Found ament_cmake: 0.9.12 (/opt/ros/foxy/share/ament_cmake/cmake)
[0.435s] -- Found PythonInterp: /usr/bin/python3 (found suitable version "3.8.10", minimum required is "3") 
[0.435s] -- Using PYTHON_EXECUTABLE: /usr/bin/python3
[0.538s] -- Found rclcpp: 2.4.3 (/opt/ros/foxy/share/rclcpp/cmake)
[0.563s] -- Using all available rosidl_typesupport_c: rosidl_typesupport_fastrtps_c;rosidl_typesupport_introspection_c
[0.567s] -- Found rosidl_adapter: 1.3.1 (/opt/ros/foxy/share/rosidl_adapter/cmake)
[0.608s] -- Found OpenSSL: /usr/lib/x86_64-linux-gnu/libcrypto.so (found version "1.1.1f")  
[0.625s] -- Found FastRTPS: /opt/ros/foxy/include  
[0.669s] -- Using all available rosidl_typesupport_cpp: rosidl_typesupport_fastrtps_cpp;rosidl_typesupport_introspection_cpp
[0.702s] -- Found rmw_implementation_cmake: 1.0.4 (/opt/ros/foxy/share/rmw_implementation_cmake/cmake)
[0.702s] -- Using RMW implementation 'rmw_fastrtps_cpp' as default
[0.703s] -- Looking for pthread.h
[0.833s] -- Looking for pthread.h - found
[0.833s] -- Performing Test CMAKE_HAVE_LIBC_PTHREAD
[0.916s] -- Performing Test CMAKE_HAVE_LIBC_PTHREAD - Failed
[0.916s] -- Looking for pthread_create in pthreads
[0.963s] -- Looking for pthread_create in pthreads - not found
[0.963s] -- Looking for pthread_create in pthread
[1.010s] -- Looking for pthread_create in pthread - found
[1.011s] -- Found Threads: TRUE  
[1.096s] -- Found sensor_msgs: 2.0.5 (/opt/ros/foxy/share/sensor_msgs/cmake)
[1.205s] -- Configuring done
[1.212s] -- Generating done
[1.213s] -- Build files have been written to: /home/ceu/Desktop/nodes-onboard/build/lightwarelidar2
[1.219s] Invoked command in '/home/ceu/Desktop/nodes-onboard/build/lightwarelidar2' returned '0': CMAKE_PREFIX_PATH=/home/ceu/Desktop/nodes-onboard/install/bno055:/opt/ros/foxy /usr/bin/cmake /home/ceu/Desktop/nodes-onboard/src/lightwarelidar2 -DCMAKE_INSTALL_PREFIX=/home/ceu/Desktop/nodes-onboard/install/lightwarelidar2
[1.219s] Invoking command in '/home/ceu/Desktop/nodes-onboard/build/lightwarelidar2': CMAKE_PREFIX_PATH=/home/ceu/Desktop/nodes-onboard/install/bno055:/opt/ros/foxy /usr/bin/cmake --build /home/ceu/Desktop/nodes-onboard/build/lightwarelidar2 -- -j16 -l16
[1.240s] [35m[1mScanning dependencies of target serialPortLinux[0m
[1.240s] [35m[1mScanning dependencies of target lwNx[0m
[1.240s] [35m[1mScanning dependencies of target platformLinux[0m
[1.246s] [ 30%] [32mBuilding CXX object CMakeFiles/lwNx.dir/src/lwNx.cpp.o[0m
[1.246s] [ 30%] [32mBuilding CXX object CMakeFiles/platformLinux.dir/src/linux/platformLinux.cpp.o[0m
[1.246s] [ 30%] [32mBuilding CXX object CMakeFiles/serialPortLinux.dir/src/linux/lwSerialPortLinux.cpp.o[0m
[1.340s] [01m[K/home/ceu/Desktop/nodes-onboard/src/lightwarelidar2/src/lwNx.cpp:[m[K In function ‘[01m[Kbool lwnxRecvPacket(lwSerialPort*, uint8_t, lwResponsePacket*, uint32_t)[m[K’:
[1.340s] [01m[K/home/ceu/Desktop/nodes-onboard/src/lightwarelidar2/src/lwNx.cpp:104:35:[m[K [01;35m[Kwarning: [m[Kcomparison of integer expressions of different signedness: ‘[01m[Kint32_t[m[K’ {aka ‘[01m[Kint[m[K’} and ‘[01m[Kuint32_t[m[K’ {aka ‘[01m[Kunsigned int[m[K’} [[01;35m[K-Wsign-compare[m[K]
[1.340s]   104 |  while (([01;35m[KplatformGetMillisecond() < timeoutTime[m[K) && (bytesRead = Serial->readData(&byte, 1)) != -1) {
[1.340s]       |          [01;35m[K~~~~~~~~~~~~~~~~~~~~~~~~~^~~~~~~~~~~~~[m[K
[1.368s] [ 40%] [32m[1mLinking CXX static library libplatformLinux.a[0m
[1.377s] [ 60%] [32m[1mLinking CXX static library liblwNx.a[0m
[1.377s] [ 60%] [32m[1mLinking CXX static library libserialPortLinux.a[0m
[1.384s] [ 60%] Built target platformLinux
[1.393s] [ 60%] Built target lwNx
[1.393s] [ 60%] Built target serialPortLinux
[1.398s] [35m[1mScanning dependencies of target sf45b[0m
[1.398s] [35m[1mScanning dependencies of target sf40c[0m
[1.417s] [ 80%] [32mBuilding CXX object CMakeFiles/sf45b.dir/src/sf45b.cpp.o[0m
[1.417s] [ 80%] [32mBuilding CXX object CMakeFiles/sf40c.dir/src/sf40c.cpp.o[0m
[2.965s] [ 90%] [32m[1mLinking CXX executable sf40c[0m
[3.050s] [ 90%] Built target sf40c
[3.306s] [100%] [32m[1mLinking CXX executable sf45b[0m
[3.402s] [100%] Built target sf45b
[3.410s] Invoked command in '/home/ceu/Desktop/nodes-onboard/build/lightwarelidar2' returned '0': CMAKE_PREFIX_PATH=/home/ceu/Desktop/nodes-onboard/install/bno055:/opt/ros/foxy /usr/bin/cmake --build /home/ceu/Desktop/nodes-onboard/build/lightwarelidar2 -- -j16 -l16
[3.431s] Invoking command in '/home/ceu/Desktop/nodes-onboard/build/lightwarelidar2': CMAKE_PREFIX_PATH=/home/ceu/Desktop/nodes-onboard/install/bno055:/opt/ros/foxy /usr/bin/cmake --install /home/ceu/Desktop/nodes-onboard/build/lightwarelidar2
[3.435s] -- Install configuration: ""
[3.435s] -- Installing: /home/ceu/Desktop/nodes-onboard/install/lightwarelidar2/lib/lightwarelidar2/sf40c
[3.436s] -- Set runtime path of "/home/ceu/Desktop/nodes-onboard/install/lightwarelidar2/lib/lightwarelidar2/sf40c" to ""
[3.436s] -- Installing: /home/ceu/Desktop/nodes-onboard/install/lightwarelidar2/lib/lightwarelidar2/sf45b
[3.436s] -- Set runtime path of "/home/ceu/Desktop/nodes-onboard/install/lightwarelidar2/lib/lightwarelidar2/sf45b" to ""
[3.436s] -- Installing: /home/ceu/Desktop/nodes-onboard/install/lightwarelidar2/share/ament_index/resource_index/package_run_dependencies/lightwarelidar2
[3.436s] -- Installing: /home/ceu/Desktop/nodes-onboard/install/lightwarelidar2/share/ament_index/resource_index/parent_prefix_path/lightwarelidar2
[3.436s] -- Installing: /home/ceu/Desktop/nodes-onboard/install/lightwarelidar2/share/lightwarelidar2/environment/ament_prefix_path.sh
[3.437s] -- Installing: /home/ceu/Desktop/nodes-onboard/install/lightwarelidar2/share/lightwarelidar2/environment/ament_prefix_path.dsv
[3.437s] -- Installing: /home/ceu/Desktop/nodes-onboard/install/lightwarelidar2/share/lightwarelidar2/environment/path.sh
[3.437s] -- Installing: /home/ceu/Desktop/nodes-onboard/install/lightwarelidar2/share/lightwarelidar2/environment/path.dsv
[3.437s] -- Installing: /home/ceu/Desktop/nodes-onboard/install/lightwarelidar2/share/lightwarelidar2/local_setup.bash
[3.437s] -- Installing: /home/ceu/Desktop/nodes-onboard/install/lightwarelidar2/share/lightwarelidar2/local_setup.sh
[3.437s] -- Installing: /home/ceu/Desktop/nodes-onboard/install/lightwarelidar2/share/lightwarelidar2/local_setup.zsh
[3.437s] -- Installing: /home/ceu/Desktop/nodes-onboard/install/lightwarelidar2/share/lightwarelidar2/local_setup.dsv
[3.437s] -- Installing: /home/ceu/Desktop/nodes-onboard/install/lightwarelidar2/share/lightwarelidar2/package.dsv
[3.437s] -- Installing: /home/ceu/Desktop/nodes-onboard/install/lightwarelidar2/share/ament_index/resource_index/packages/lightwarelidar2
[3.437s] -- Installing: /home/ceu/Desktop/nodes-onboard/install/lightwarelidar2/share/lightwarelidar2/cmake/lightwarelidar2Config.cmake
[3.437s] -- Installing: /home/ceu/Desktop/nodes-onboard/install/lightwarelidar2/share/lightwarelidar2/cmake/lightwarelidar2Config-version.cmake
[3.437s] -- Installing: /home/ceu/Desktop/nodes-onboard/install/lightwarelidar2/share/lightwarelidar2/package.xml
[3.438s] Invoked command in '/home/ceu/Desktop/nodes-onboard/build/lightwarelidar2' returned '0': CMAKE_PREFIX_PATH=/home/ceu/Desktop/nodes-onboard/install/bno055:/opt/ros/foxy /usr/bin/cmake --install /home/ceu/Desktop/nodes-onboard/build/lightwarelidar2
